<?xml version="1.0" encoding="UTF-8"?>
<!-- Generated by org.testng.reporters.JUnitReportReporter -->
<testsuite hostname="Ashu" failures="0" tests="2" name="com.Selenium.TestNg.DataProviderEx3" time="0.008" errors="0" timestamp="2023-10-27T00:52:21 IST" skipped="0">
  <testcase classname="com.Selenium.TestNg.DataProviderEx3" name="readtes" time="0.001"/>
  <testcase classname="com.Selenium.TestNg.DataProviderEx3" name="readtes" time="0.007"/>
</testsuite> <!-- com.Selenium.TestNg.DataProviderEx3 -->
