<?xml version="1.0" encoding="UTF-8"?>
<!-- Generated by org.testng.reporters.JUnitReportReporter -->
<testsuite hostname="Ashu" failures="0" tests="2" name="com.Selenium.TestNg.DataProviderEx1" time="0.009" errors="0" timestamp="2023-10-27T00:41:33 IST" skipped="0">
  <testcase classname="com.Selenium.TestNg.DataProviderEx1" name="readtestdata" time="0.002"/>
  <testcase classname="com.Selenium.TestNg.DataProviderEx1" name="readtestdata" time="0.007"/>
</testsuite> <!-- com.Selenium.TestNg.DataProviderEx1 -->
