<?xml version="1.0" encoding="UTF-8"?>
<!-- Generated by org.testng.reporters.JUnitReportReporter -->
<testsuite hostname="Ashu" failures="0" tests="8" name="com.Selenium.TestNg.DataProviderEx4" time="0.018" errors="0" timestamp="2023-10-27T01:12:59 IST" skipped="0">
  <testcase classname="com.Selenium.TestNg.DataProviderEx4" name="readdata" time="0.002"/>
  <testcase classname="com.Selenium.TestNg.DataProviderEx4" name="readdata" time="0.001"/>
  <testcase classname="com.Selenium.TestNg.DataProviderEx4" name="readdata" time="0.002"/>
  <testcase classname="com.Selenium.TestNg.DataProviderEx4" name="readdata" time="0.002"/>
  <testcase classname="com.Selenium.TestNg.DataProviderEx4" name="readdata" time="0.000"/>
  <testcase classname="com.Selenium.TestNg.DataProviderEx4" name="readdata" time="0.001"/>
  <testcase classname="com.Selenium.TestNg.DataProviderEx4" name="readdata" time="0.007"/>
  <testcase classname="com.Selenium.TestNg.DataProviderEx4" name="readdata" time="0.003"/>
</testsuite> <!-- com.Selenium.TestNg.DataProviderEx4 -->
