<?xml version="1.0" encoding="UTF-8"?>
<!-- Generated by org.testng.reporters.JUnitReportReporter -->
<testsuite hostname="Ashu" failures="0" tests="2" name="com.Selenium.TestNg.DataProviderEx2" time="56.647" errors="0" timestamp="2023-10-27T00:46:23 IST" skipped="0">
  <testcase classname="com.Selenium.TestNg.DataProviderEx2" name="readtestdata" time="27.216"/>
  <testcase classname="com.Selenium.TestNg.DataProviderEx2" name="readtestdata" time="29.431"/>
</testsuite> <!-- com.Selenium.TestNg.DataProviderEx2 -->
